#
# An unexpected error has been detected by Java Runtime Environment:
#
# java.lang.OutOfMemoryError: requested 131072 bytes for E in /BUILD_AREA/jdk6_12/hotspot/src/share/vm/utilities/taskqueue.hpp. Out of swap space?
#
#  Internal Error (allocation.inline.hpp:42), pid=25257, tid=1101527360
#  Error: E in /BUILD_AREA/jdk6_12/hotspot/src/share/vm/utilities/taskqueue.hpp
#
# Java VM: Java HotSpot(TM) 64-Bit Server VM (11.2-b01 mixed mode linux-amd64)
# If you would like to submit a bug report, please visit:
#   http://java.sun.com/webapps/bugreport/crash.jsp
#

---------------  T H R E A D  ---------------

Current thread (0x000000001478c000):  JavaThread "Unknown thread" [_thread_in_vm, id=25689, stack(0x00000000412af000,0x0000000041a80000)]

Stack: [0x00000000412af000,0x0000000041a80000],  sp=0x0000000041a7e2d0,  free space=7996k
Native frames: (J=compiled Java code, j=interpreted, Vv=VM code, C=native code)
V  [libjvm.so+0x5fc16f]
V  [libjvm.so+0x26e1c8]
V  [libjvm.so+0x529327]
V  [libjvm.so+0x52879e]
V  [libjvm.so+0x4f2f1f]
V  [libjvm.so+0x5d86c2]
V  [libjvm.so+0x2f4945]
V  [libjvm.so+0x5c1b47]
V  [libjvm.so+0x349910]
C  [libmwjmi.so+0x2df9d]  _Z9InitSunVMv+0x75d
C  [libmwjmi.so+0x2e64b]
C  [libmwjmi.so+0x1a695]  _Z7mljInitv+0x15
C  [libmwmcr.so+0x2c15e]
C  [libmwmcr.so+0x1e374]
C  [libmwmcr.so+0x1e5df]
C  [MATLAB+0x405c]
C  [MATLAB+0x2c73]
C  [libmwmcr.so+0x4ceec]


---------------  P R O C E S S  ---------------

Java Threads: ( => current thread )

Other Threads:

=>0x000000001478c000 (exited) JavaThread "Unknown thread" [_thread_in_vm, id=25689, stack(0x00000000412af000,0x0000000041a80000)]

VM state:not at safepoint (normal execution)

VM Mutex/Monitor currently owned by a thread: None

Heap
 PSYoungGen      total 14336K, used 245K [0x00002aaac04c0000, 0x00002aaac14c0000, 0x00002aaac35c0000)
  eden space 12288K, 2% used [0x00002aaac04c0000,0x00002aaac04fd720,0x00002aaac10c0000)
  from space 2048K, 0% used [0x00002aaac12c0000,0x00002aaac12c0000,0x00002aaac14c0000)
  to   space 2048K, 0% used [0x00002aaac10c0000,0x00002aaac10c0000,0x00002aaac12c0000)
 PSOldGen        total 49152K, used 0K [0x00002aaab71c0000, 0x00002aaaba1c0000, 0x00002aaac04c0000)
  object space 49152K, 0% used [0x00002aaab71c0000,0x00002aaab71c0000,0x00002aaaba1c0000)
 PSPermGen       total 21248K, used 666K [0x00002aaaaf1c0000, 0x00002aaab0680000, 0x00002aaab71c0000)
  object space 21248K, 3% used [0x00002aaaaf1c0000,0x00002aaaaf266af0,0x00002aaab0680000)

Dynamic libraries:
00400000-00406000 r-xp 00000000 00:1c 4226801                            /autofs/cluster/pubsw/2/pubsw/common/matlab/7.9/bin/glnxa64/MATLAB
00606000-00607000 rw-p 00006000 00:1c 4226801                            /autofs/cluster/pubsw/2/pubsw/common/matlab/7.9/bin/glnxa64/MATLAB
1466d000-14af6000 rw-p 1466d000 00:00 0                                  [heap]
40774000-40775000 ---p 40774000 00:00 0 
40775000-40875000 rwxp 40775000 00:00 0 
40875000-40876000 ---p 40875000 00:00 0 
40876000-40976000 rwxp 40876000 00:00 0 
40976000-40977000 ---p 40976000 00:00 0 
40977000-40a77000 rwxp 40977000 00:00 0 
412af000-412b2000 ---p 412af000 00:00 0 
412b2000-41a80000 rwxp 412b2000 00:00 0 
41a80000-41a81000 ---p 41a80000 00:00 0 
41a81000-41c81000 rwxp 41a81000 00:00 0 
41c81000-41c82000 ---p 41c81000 00:00 0 
41c82000-41e82000 rwxp 41c82000 00:00 0 
41e82000-41e83000 ---p 41e82000 00:00 0 
41e83000-42083000 rwxp 41e83000 00:00 0 
42083000-42084000 ---p 42083000 00:00 0 
42084000-42284000 rwxp 42084000 00:00 0 
42284000-42285000 ---p 42284000 00:00 0 
42285000-42385000 rwxp 42285000 00:00 0 
42385000-42386000 ---p 42385000 00:00 0 
42386000-42486000 rwxp 42386000 00:00 0 
42486000-42487000 ---p 42486000 00:00 0 
42487000-42587000 rwxp 42487000 00:00 0 
42587000-42588000 ---p 42587000 00:00 0 
42588000-42688000 rwxp 42588000 00:00 0 
42688000-42689000 ---p 42688000 00:00 0 
42689000-42789000 rwxp 42689000 00:00 0 
42789000-4278a000 ---p 42789000 00:00 0 
4278a000-4288a000 rwxp 4278a000 00:00 0 
4288a000-4288b000 ---p 4288a000 00:00 0 
4288b000-4298b000 rwxp 4288b000 00:00 0 
4298b000-4298c000 ---p 4298b000 00:00 0 
4298c000-42a8c000 rwxp 4298c000 00:00 0 
42a8c000-42a8d000 ---p 42a8c000 00:00 0 
42a8d000-42b8d000 rwxp 42a8d000 00:00 0 
42b8d000-42b8e000 ---p 42b8d000 00:00 0 
42b8e000-42c8e000 rwxp 42b8e000 00:00 0 
42c8e000-42c8f000 ---p 42c8e000 00:00 0 
42c8f000-42d8f000 rwxp 42c8f000 00:00 0 
42d8f000-42d90000 ---p 42d8f000 00:00 0 
42d90000-42e90000 rwxp 42d90000 00:00 0 
42e90000-42e91000 ---p 42e90000 00:00 0 
42e91000-42f91000 rwxp 42e91000 00:00 0 
42f91000-42f92000 ---p 42f91000 00:00 0 
42f92000-43092000 rwxp 42f92000 00:00 0 
43092000-43093000 ---p 43092000 00:00 0 
43093000-43193000 rwxp 43093000 00:00 0 
43193000-43194000 ---p 43193000 00:00 0 
43194000-43294000 rwxp 43194000 00:00 0 
43294000-43295000 ---p 43294000 00:00 0 
43295000-43395000 rwxp 43295000 00:00 0 
43395000-43396000 ---p 43395000 00:00 0 
43396000-43496000 rwxp 43396000 00:00 0 
43496000-43497000 ---p 43496000 00:00 0 
43497000-43597000 rwxp 43497000 00:00 0 
43597000-43598000 ---p 43597000 00:00 0 
43598000-43698000 rwxp 43598000 00:00 0 
43698000-43699000 ---p 43698000 00:00 0 
43699000-43799000 rwxp 43699000 00:00 0 
43799000-4379a000 ---p 43799000 00:00 0 
4379a000-4389a000 rwxp 4379a000 00:00 0 
4389a000-4389b000 ---p 4389a000 00:00 0 
4389b000-4399b000 rwxp 4389b000 00:00 0 
4399b000-4399c000 ---p 4399b000 00:00 0 
4399c000-43a9c000 rwxp 4399c000 00:00 0 
43a9c000-43a9d000 ---p 43a9c000 00:00 0 
43a9d000-43b9d000 rwxp 43a9d000 00:00 0 
43b9d000-43b9e000 ---p 43b9d000 00:00 0 
43b9e000-43c9e000 rwxp 43b9e000 00:00 0 
43c9e000-43c9f000 ---p 43c9e000 00:00 0 
43c9f000-43d9f000 rwxp 43c9f000 00:00 0 
43d9f000-43da0000 ---p 43d9f000 00:00 0 
43da0000-43ea0000 rwxp 43da0000 00:00 0 
43ea0000-43ea1000 ---p 43ea0000 00:00 0 
43ea1000-43fa1000 rwxp 43ea1000 00:00 0 
43fa1000-43fa2000 ---p 43fa1000 00:00 0 
43fa2000-440a2000 rwxp 43fa2000 00:00 0 
440a2000-440a3000 ---p 440a2000 00:00 0 
440a3000-441a3000 rwxp 440a3000 00:00 0 
441a3000-441a4000 ---p 441a3000 00:00 0 
441a4000-442a4000 rwxp 441a4000 00:00 0 
442a4000-442a5000 ---p 442a4000 00:00 0 
442a5000-443a5000 rwxp 442a5000 00:00 0 
443a5000-443a6000 ---p 443a5000 00:00 0 
443a6000-444a6000 rwxp 443a6000 00:00 0 
444a6000-444a7000 ---p 444a6000 00:00 0 
444a7000-445a7000 rwxp 444a7000 00:00 0 
445a7000-445a8000 ---p 445a7000 00:00 0 
445a8000-446a8000 rwxp 445a8000 00:00 0 
446a8000-446a9000 ---p 446a8000 00:00 0 
446a9000-447a9000 rwxp 446a9000 00:00 0 
447a9000-447aa000 ---p 447a9000 00:00 0 
447aa000-448aa000 rwxp 447aa000 00:00 0 
448aa000-448ab000 ---p 448aa000 00:00 0 
448ab000-449ab000 rwxp 448ab000 00:00 0 
449ab000-449ac000 ---p 449ab000 00:00 0 
449ac000-44aac000 rwxp 449ac000 00:00 0 
44aac000-44aad000 ---p 44aac000 00:00 0 
44aad000-44bad000 rwxp 44aad000 00:00 0 
44bad000-44bae000 ---p 44bad000 00:00 0 
44bae000-44cae000 rwxp 44bae000 00:00 0 
44cae000-44caf000 ---p 44cae000 00:00 0 
44caf000-44daf000 rwxp 44caf000 00:00 0 
44daf000-44db0000 ---p 44daf000 00:00 0 
44db0000-44eb0000 rwxp 44db0000 00:00 0 
44eb0000-44eb1000 ---p 44eb0000 00:00 0 
44eb1000-44fb1000 rwxp 44eb1000 00:00 0 
44fb1000-44fb2000 ---p 44fb1000 00:00 0 
44fb2000-450b2000 rwxp 44fb2000 00:00 0 
450b2000-450b3000 ---p 450b2000 00:00 0 
450b3000-451b3000 rwxp 450b3000 00:00 0 
451b3000-451b4000 ---p 451b3000 00:00 0 
451b4000-452b4000 rwxp 451b4000 00:00 0 
452b4000-452b5000 ---p 452b4000 00:00 0 
452b5000-453b5000 rwxp 452b5000 00:00 0 
453b5000-453b6000 ---p 453b5000 00:00 0 
453b6000-454b6000 rwxp 453b6000 00:00 0 
454b6000-454b7000 ---p 454b6000 00:00 0 
454b7000-455b7000 rwxp 454b7000 00:00 0 
455b7000-455b8000 ---p 455b7000 00:00 0 
455b8000-456b8000 rwxp 455b8000 00:00 0 
456b8000-456b9000 ---p 456b8000 00:00 0 
456b9000-457b9000 rwxp 456b9000 00:00 0 
457b9000-457ba000 ---p 457b9000 00:00 0 
457ba000-458ba000 rwxp 457ba000 00:00 0 
458ba000-458bb000 ---p 458ba000 00:00 0 
458bb000-459bb000 rwxp 458bb000 00:00 0 
459bb000-459bc000 ---p 459bb000 00:00 0 
459bc000-45abc000 rwxp 459bc000 00:00 0 
45abc000-45abd000 ---p 45abc000 00:00 0 
45abd000-45bbd000 rwxp 45abd000 00:00 0 
45bbd000-45bbe000 ---p 45bbd000 00:00 0 
45bbe000-45cbe000 rwxp 45bbe000 00:00 0 
45cbe000-45cbf000 ---p 45cbe000 00:00 0 
45cbf000-45dbf000 rwxp 45cbf000 00:00 0 
45dbf000-45dc0000 ---p 45dbf000 00:00 0 
45dc0000-45ec0000 rwxp 45dc0000 00:00 0 
45ec0000-45ec1000 ---p 45ec0000 00:00 0 
45ec1000-45fc1000 rwxp 45ec1000 00:00 0 
3008800000-300881c000 r-xp 00000000 08:02 1791695                        /lib64/ld-2.5.so
3008a1b000-3008a1c000 r--p 0001b000 08:02 1791695                        /lib64/ld-2.5.so
3008a1c000-3008a1d000 rw-p 0001c000 08:02 1791695                        /lib64/ld-2.5.so
3008c00000-3008d4e000 r-xp 00000000 08:02 1791702                        /lib64/libc-2.5.so
3008d4e000-3008f4e000 ---p 0014e000 08:02 1791702                        /lib64/libc-2.5.so
3008f4e000-3008f52000 r--p 0014e000 08:02 1791702                        /lib64/libc-2.5.so
3008f52000-3008f53000 rw-p 00152000 08:02 1791702                        /lib64/libc-2.5.so
3008f53000-3008f58000 rw-p 3008f53000 00:00 0 
3009000000-3009082000 r-xp 00000000 08:02 1791706                        /lib64/libm-2.5.so
3009082000-3009281000 ---p 00082000 08:02 1791706                        /lib64/libm-2.5.so
3009281000-3009282000 r--p 00081000 08:02 1791706                        /lib64/libm-2.5.so
3009282000-3009283000 rw-p 00082000 08:02 1791706                        /lib64/libm-2.5.so
3009400000-3009402000 r-xp 00000000 08:02 1791710                        /lib64/libdl-2.5.so
3009402000-3009602000 ---p 00002000 08:02 1791710                        /lib64/libdl-2.5.so
3009602000-3009603000 r--p 00002000 08:02 1791710                        /lib64/libdl-2.5.so
3009603000-3009604000 rw-p 00003000 08:02 1791710                        /lib64/libdl-2.5.so
3009800000-3009816000 r-xp 00000000 08:02 1791901                        /lib64/libpthread-2.5.so
3009816000-3009a15000 ---p 00016000 08:02 1791901                        /lib64/libpthread-2.5.so
3009a15000-3009a16000 r--p 00015000 08:02 1791901                        /lib64/libpthread-2.5.so
3009a16000-3009a17000 rw-p 00016000 08:02 1791901                        /lib64/libpthread-2.5.so
3009a17000-3009a1b000 rw-p 3009a17000 00:00 0 
3009c00000-3009c14000 r-xp 00000000 08:02 3495397                        /usr/lib64/libz.so.1.2.3
3009c14000-3009e13000 ---p 00014000 08:02 3495397                        /usr/lib64/libz.so.1.2.3
3009e13000-3009e14000 rw-p 00013000 08:02 3495397                        /usr/lib64/libz.so.1.2.3
300a000000-300a002000 r-xp 00000000 08:02 3497076                        /usr/lib64/libXau.so.6.0.0
300a002000-300a201000 ---p 00002000 08:02 3497076                        /usr/lib64/libXau.so.6.0.0
300a201000-300a202000 rw-p 00001000 08:02 3497076                        /usr/lib64/libXau.so.6.0.0
300a400000-300a505000 r-xp 00000000 08:02 3493140                        /usr/lib64/libX11.so.6.2.0
300a505000-300a705000 ---p 00105000 08:02 3493140                        /usr/lib64/libX11.so.6.2.0
300a705000-300a70c000 rw-p 00105000 08:02 3493140                        /usr/lib64/libX11.so.6.2.0
300a800000-300a805000 r-xp 00000000 08:02 3497162                        /usr/lib64/libXdmcp.so.6.0.0
300a805000-300aa04000 ---p 00005000 08:02 3497162                        /usr/lib64/libXdmcp.so.6.0.0
300aa04000-300aa05000 rw-p 00004000 08:02 3497162                        /usr/lib64/libXdmcp.so.6.0.0
300ac00000-300ac10000 r-xp 00000000 08:02 3498059                        /usr/lib64/libXext.so.6.4.0
300ac10000-300ae10000 ---p 00010000 08:02 3498059                        /usr/lib64/libXext.so.6.4.0
300ae10000-300ae11000 rw-p 00010000 08:02 3498059                        /usr/lib64/libXext.so.6.4.0
300d400000-300d407000 r-xp 00000000 08:02 1791992                        /lib64/librt-2.5.so
300d407000-300d607000 ---p 00007000 08:02 1791992                        /lib64/librt-2.5.so
300d607000-300d608000 r--p 00007000 08:02 1791992                        /lib64/librt-2.5.so
300d608000-300d609000 rw-p 00008000 08:02 1791992                        /lib64/librt-2.5.so
300dc00000-300dc17000 r-xp 00000000 08:02 3494444                        /usr/lib64/libICE.so.6.3.0
300dc17000-300de16000 ---p 00017000 08:02 3494444                        /usr/lib64/libICE.so.6.3.0
300de16000-300de18000 rw-p 00016000 08:02 3494444                        /usr/lib64/libICE.so.6.3.0
300de18000-300de1b000 rw-p 300de18000 00:00 0 
300e000000-300e009000 r-xp 00000000 08:02 3495844                        /usr/lib64/libSM.so.6.0.0
300e009000-300e209000 ---p 00009000 08:02 3495844                        /usr/lib64/libSM.so.6.0.0
300e209000-300e20a000 rw-p 00009000 08:02 3495844                        /usr/lib64/libSM.so.6.0.0
3011e00000-3011e17000 r-xp 00000000 08:02 3493000                        /usr/lib64/libXmu.so.6.2.0
3011e17000-3012016000 ---p 00017000 08:02 3493000                        /usr/lib64/libXmu.so.6.2.0
3012016000-3012018000 rw-p 00016000 08:02 3493000                        /usr/lib64/libXmu.so.6.2.0
3012200000-3012210000 r-xp 00000000 08:02 3497889                        /usr/lib64/libXpm.so.4.11.0
3012210000-3012410000 ---p 00010000 08:02 3497889                        /usr/lib64/libXpm.so.4.11.0
3012410000-3012411000 rw-p 00010000 08:02 3497889                        /usr/lib64/libXpm.so.4.11.0
3013200000-3013215000 r-xp 00000000 08:02 1792015                        /lib64/libnsl-2.5.so
3013215000-3013414000 ---p 00015000 08:02 1792015                        /lib64/libnsl-2.5.so
3013414000-3013415000 r--p 00014000 08:02 1792015                        /lib64/libnsl-2.5.so
3013415000-3013416000 rw-p 00015000 08:02 1792015                        /lib64/libnsl-2.5.so
3013416000-3013418000 rw-p 3013416000 00:00 0 
3013a00000-3013a11000 r-xp 00000000 08:02 1791740                        /lib64/libresolv-2.5.so
3013a11000-3013c11000 ---p 00011000 08:02 1791740                        /lib64/libresolv-2.5.so
3013c11000-3013c12000 r--p 00011000 08:02 1791740                        /lib64/libresolv-2.5.so
3013c12000-3013c13000 rw-p 00012000 08:02 1791740                        /lib64/libresolv-2.5.so
3013c13000-3013c15000 rw-p 3013c13000 00:00 0 
301be00000-301be4e000 r-xp 00000000 08:02 3501530                        /usr/lib64/libncurses.so.5.5
301be4e000-301c04e000 ---p 0004e000 08:02 3501530                        /usr/lib64/libncurses.so.5.5
301c04e000-301c05c000 rw-p 0004e000 08:02 3501530                        /usr/lib64/libncurses.so.5.5
301c05c000-301c05d000 rw-p 301c05c000 00:00 0 
301d600000-301d65b000 r-xp 00000000 08:02 3501070                        /usr/lib64/libXt.so.6.0.0
301d65b000-301d85a000 ---p 0005b000 08:02 3501070                        /usr/lib64/libXt.so.6.0.0
301d85a000-301d860000 rw-p 0005a000 08:02 3501070                        /usr/lib64/libXt.so.6.0.0
301d860000-301d861000 rw-p 301d860000 00:00 0 
2aaaaab2a000-2aaaaab31000 r-xp 00000000 08:02 1791714                    /lib64/libnss_compat-2.5.so
2aaaaab31000-2aaaaad31000 ---p 00007000 08:02 1791714                    /lib64/libnss_compat-2.5.so
2aaaaad31000-2aaaaad32000 r--p 00007000 08:02 1791714                    /lib64/libnss_compat-2.5.so
2aaaaad32000-2aaaaad33000 rw-p 00008000 08:02 1791714                    /lib64/libnss_compat-2.5.so
2aaaaad5e000-2aaaaad67000 r-xp 00000000 08:02 1791709                    /lib64/libnss_nis-2.5.so
2aaaaad67000-2aaaaaf67000 ---p 00009000 08:02 1791709                    /lib64/libnss_nis-2.5.so
2aaaaaf67000-2aaaaaf68000 r--p 00009000 08:02 1791709                    /lib64/libnss_nis-2.5.so
2aaaaaf68000-2aaaaaf69000 rw-p 0000a000 08:02 1791709                    /lib64/libnss_nis-2.5.so
2aaaaaf69000-2aaaaaf73000 r-xp 00000000 08:02 1791705                    /lib64/libnss_files-2.5.so
2aaaaaf73000-2aaaab172000 ---p 0000a000 08:02 1791705                    /lib64/libnss_files-2.5.so
2aaaab172000-2aaaab173000 r--p 00009000 08:02 1791705                    /lib64/libnss_files-2.5.so
2aaaab173000-2aaaab174000 rw-p 0000a000 08:02 1791705                    /lib64/libnss_files-2.5.so
2aaaab174000-2aaaab178000 r-xp 00000000 08:02 1791703                    /lib64/libnss_dns-2.5.so
2aaaab178000-2aaaab377000 ---p 00004000 08:02 1791703                    /lib64/libnss_dns-2.5.so
2aaaab377000-2aaaab378000 r--p 00003000 08:02 1791703                    /lib64/libnss_dns-2.5.so
2aaaab378000-2aaaab379000 rw-p 00004000 08:02 1791703                    /lib64/libnss_dns-2.5.so
2aaaab379000-2aaaab3a2000 r-xp 00000000 00:1c 5857913                    /autofs/cluster/pubsw/2/pubsw/common/matlab/7.9/sys/java/jre/glnxa64/jre/lib/amd64/libjava.so
2aaaab3a2000-2aaaab4a1000 ---p 00029000 00:1c 5857913                    /autofs/cluster/pubsw/2/pubsw/common/matlab/7.9/sys/java/jre/glnxa64/jre/lib/amd64/libjava.so
2aaaab4a1000-2aaaab4a8000 rw-p 00028000 00:1c 5857913                    /autofs/cluster/pubsw/2/pubsw/common/matlab/7.9/sys/java/jre/glnxa64/jre/lib/amd64/libjava.so
2aaaab4a8000-2aaaabb35000 r-xp 00000000 00:1c 5857940                    /autofs/cluster/pubsw/2/pubsw/common/matlab/7.9/sys/java/jre/glnxa64/jre/lib/amd64/server/libjvm.so
2aaaabb35000-2aaaabc34000 ---p 0068d000 00:1c 5857940                    /autofs/cluster/pubsw/2/pubsw/common/matlab/7.9/sys/java/jre/glnxa64/jre/lib/amd64/server/libjvm.so
2aaaabc34000-2aaaabd85000 rw-p 0068c000 00:1c 5857940                    /autofs/cluster/pubsw/2/pubsw/common/matlab/7.9/sys/java/jre/glnxa64/jre/lib/amd64/server/libjvm.so
2aaaabd85000-2aaaabdc2000 rw-p 2aaaabd85000 00:00 0 
2aaaabdc2000-2aaaabdcf000 r-xp 00000000 00:1c 5857933                    /autofs/cluster/pubsw/2/pubsw/common/matlab/7.9/sys/java/jre/glnxa64/jre/lib/amd64/libverify.so
2aaaabdcf000-2aaaabece000 ---p 0000d000 00:1c 5857933                    /autofs/cluster/pubsw/2/pubsw/common/matlab/7.9/sys/java/jre/glnxa64/jre/lib/amd64/libverify.so
2aaaabece000-2aaaabed1000 rw-p 0000c000 00:1c 5857933                    /autofs/cluster/pubsw/2/pubsw/common/matlab/7.9/sys/java/jre/glnxa64/jre/lib/amd64/libverify.so
2aaaabed1000-2aaaabed2000 r--p 2aaaabed1000 00:00 0 
2aaaabed2000-2aaaabed3000 rw-p 2aaaabed2000 00:00 0 
2aaaabed3000-2aaaabeda000 r-xp 00000000 00:1c 5857938                    /autofs/cluster/pubsw/2/pubsw/common/matlab/7.9/sys/java/jre/glnxa64/jre/lib/amd64/native_threads/libhpi.so
2aaaabeda000-2aaaabfdb000 ---p 00007000 00:1c 5857938                    /autofs/cluster/pubsw/2/pubsw/common/matlab/7.9/sys/java/jre/glnxa64/jre/lib/amd64/native_threads/libhpi.so
2aaaabfdb000-2aaaabfdd000 rw-p 00008000 00:1c 5857938                    /autofs/cluster/pubsw/2/pubsw/common/matlab/7.9/sys/java/jre/glnxa64/jre/lib/amd64/native_threads/libhpi.so
2aaaabfdd000-2aaaabfde000 rw-p 2aaaabfdd000 00:00 0 
2aaaabfde000-2aaaabfe6000 rw-s 00000000 08:02 4174815                    /tmp/hsperfdata_santosh/25257
2aaaabfe6000-2aaaabff4000 r-xp 00000000 00:1c 5857934                    /autofs/cluster/pubsw/2/pubsw/common/matlab/7.9/sys/java/jre/glnxa64/jre/lib/amd64/libzip.so
2aaaabff4000-2aaaac0f6000 ---p 0000e000 00:1c 5857934                    /autofs/cluster/pubsw/2/pubsw/common/matlab/7.9/sys/java/jre/glnxa64/jre/lib/amd64/libzip.so
2aaaac0f6000-2aaaac0f9000 rw-p 00010000 00:1c 5857934                    /autofs/cluster/pubsw/2/pubsw/common/matlab/7.9/sys/java/jre/glnxa64/jre/lib/amd64/libzip.so
2aaaac0f9000-2aaaac0fa000 rw-p 2aaaac0f9000 00:00 0 
2aaaac0fa000-2aaaaf1ba000 rwxp 2aaaac0fa000 00:00 0 
2aaaaf1c0000-2aaac36ed000 rwxp 2aaaaf1c0000 00:00 0 
2aaac36ed000-2aaac387e000 r--s 02a2d000 00:1c 5857896                    /autofs/cluster/pubsw/2/pubsw/common/matlab/7.9/sys/java/jre/glnxa64/jre/lib/rt.jar
2aaac387e000-2aaac38b1000 rw-p 2aaac387e000 00:00 0 
2aaac4000000-2aaac4021000 rw-p 2aaac4000000 00:00 0 
2aaac4021000-2aaac8000000 ---p 2aaac4021000 00:00 0 
2ab55557f000-2ab555581000 rw-p 2ab55557f000 00:00 0 
2ab555581000-2ab555647000 r-xp 00000000 00:1c 5281860                    /autofs/cluster/pubsw/2/pubsw/common/matlab/7.9/bin/glnxa64/libut.so
2ab555647000-2ab555846000 ---p 000c6000 00:1c 5281860                    /autofs/cluster/pubsw/2/pubsw/common/matlab/7.9/bin/glnxa64/libut.so
2ab555846000-2ab555850000 rw-p 000c5000 00:1c 5281860                    /autofs/cluster/pubsw/2/pubsw/common/matlab/7.9/bin/glnxa64/libut.so
2ab555850000-2ab555866000 rw-p 2ab555850000 00:00 0 
2ab555866000-2ab5558a3000 r-xp 00000000 00:1c 4226927                    /autofs/cluster/pubsw/2/pubsw/common/matlab/7.9/bin/glnxa64/libmwfl.so
2ab5558a3000-2ab555aa3000 ---p 0003d000 00:1c 4226927                    /autofs/cluster/pubsw/2/pubsw/common/matlab/7.9/bin/glnxa64/libmwfl.so
2ab555aa3000-2ab555aa8000 rw-p 0003d000 00:1c 4226927                    /autofs/cluster/pubsw/2/pubsw/common/matlab/7.9/bin/glnxa64/libmwfl.so
2ab555aa8000-2ab555b3a000 r-xp 00000000 00:1c 5281814                    /autofs/cluster/pubsw/2/pubsw/common/matlab/7.9/bin/glnxa64/libmx.so
2ab555b3a000-2ab555d3a000 ---p 00092000 00:1c 5281814                    /autofs/cluster/pubsw/2/pubsw/common/matlab/7.9/bin/glnxa64/libmx.so
2ab555d3a000-2ab555d3d000 rw-p 00092000 00:1c 5281814                    /autofs/cluster/pubsw/2/pubsw/common/matlab/7.9/bin/glnxa64/libmx.so
2ab555d3d000-2ab555d75000 r-xp 00000000 00:1c 4227020                    /autofs/cluster/pubsw/2/pubsw/common/matlab/7.9/bin/glnxa64/libmwmpath.so
2ab555d75000-2ab555f74000 ---p 00038000 00:1c 4227020                    /autofs/cluster/pubsw/2/pubsw/common/matlab/7.9/bin/glnxa64/libmwmpath.so
2ab555f74000-2ab555f78000 rw-p 00037000 00:1c 4227020                    /autofs/cluster/pubsw/2/pubsw/common/matlab/7.9/bin/glnxa64/libmwmpath.so
2ab555f78000-2ab555f7b000 rw-p 2ab555f78000 00:00 0 
2ab555f7b000-2ab556105000 r-xp 00000000 00:1c 4227051                    /autofs/cluster/pubsw/2/pubsw/common/matlab/7.9/bin/glnxa64/libmwservices.so
2ab556105000-2ab556304000 ---p 0018a000 00:1c 4227051                    /autofs/cluster/pubsw/2/pubsw/common/matlab/7.9/bin/glnxa64/libmwservices.so
2ab556304000-2ab556312000 rw-p 00189000 00:1c 4227051                    /autofs/cluster/pubsw/2/pubsw/common/matlab/7.9/bin/glnxa64/libmwservices.so
2ab556312000-2ab556322000 rw-p 2ab556312000 00:00 0 
2ab556322000-2ab556370000 r-xp 00000000 00:1c 4226966                    /autofs/cluster/pubsw/2/pubsw/common/matlab/7.9/bin/glnxa64/libmwjmi.so
2ab556370000-2ab556570000 ---p 0004e000 00:1c 4226966                    /autofs/cluster/pubsw/2/pubsw/common/matlab/7.9/bin/glnxa64/libmwjmi.so
2ab556570000-2ab556574000 rw-p 0004e000 00:1c 4226966                    /autofs/cluster/pubsw/2/pubsw/common/matlab/7.9/bin/glnxa64/libmwjmi.so
2ab556574000-2ab556575000 rw-p 2ab556574000 00:00 0 
2ab556575000-2ab556596000 r-xp 00000000 00:1c 4226887                    /autofs/cluster/pubsw/2/pubsw/common/matlab/7.9/bin/glnxa64/libmwbridge.so
2ab556596000-2ab556796000 ---p 00021000 00:1c 4226887                    /autofs/cluster/pubsw/2/pubsw/common/matlab/7.9/bin/glnxa64/libmwbridge.so
2ab556796000-2ab556799000 rw-p 00021000 00:1c 4226887                    /autofs/cluster/pubsw/2/pubsw/common/matlab/7.9/bin/glnxa64/libmwbridge.so
2ab556799000-2ab5567a0000 rw-p 2ab556799000 00:00 0 
2ab5567a0000-2ab556805000 r-xp 00000000 00:1c 4227007                    /autofs/cluster/pubsw/2/pubsw/common/matlab/7.9/bin/glnxa64/libmwmcr.so
2ab556805000-2ab556a05000 ---p 00065000 00:1c 4227007                    /autofs/cluster/pubsw/2/pubsw/common/matlab/7.9/bin/glnxa64/libmwmcr.so
2ab556a05000-2ab556a09000 rw-p 00065000 00:1c 4227007                    /autofs/cluster/pubsw/2/pubsw/common/matlab/7.9/bin/glnxa64/libmwmcr.so
2ab556a09000-2ab556a0f000 rw-p 2ab556a09000 00:00 0 
2ab556a0f000-2ab556a87000 r-xp 00000000 00:1c 4226974                    /autofs/cluster/pubsw/2/pubsw/common/matlab/7.9/bin/glnxa64/libmwm_dispatcher.so
2ab556a87000-2ab556c87000 ---p 00078000 00:1c 4226974                    /autofs/cluster/pubsw/2/pubsw/common/matlab/7.9/bin/glnxa64/libmwm_dispatcher.so
2ab556c87000-2ab556c8c000 rw-p 00078000 00:1c 4226974                    /autofs/cluster/pubsw/2/pubsw/common/matlab/7.9/bin/glnxa64/libmwm_dispatcher.so
2ab556c8c000-2ab556c8e000 rw-p 2ab556c8c000 00:00 0 
2ab556c8e000-2ab557178000 r-xp 00000000 00:1c 4226976                    /autofs/cluster/pubsw/2/pubsw/common/matlab/7.9/bin/glnxa64/libmwm_interpreter.so
2ab557178000-2ab557377000 ---p 004ea000 00:1c 4226976                    /autofs/cluster/pubsw/2/pubsw/common/matlab/7.9/bin/glnxa64/libmwm_interpreter.so
2ab557377000-2ab55744d000 rw-p 004e9000 00:1c 4226976                    /autofs/cluster/pubsw/2/pubsw/common/matlab/7.9/bin/glnxa64/libmwm_interpreter.so
2ab55744d000-2ab5574ec000 rw-p 2ab55744d000 00:00 0 
2ab5574ec000-2ab5575d3000 r-xp 00000000 00:1c 5254751                    /autofs/cluster/pubsw/2/pubsw/common/matlab/7.9/sys/os/glnxa64/libstdc++.so.6.0.9
2ab5575d3000-2ab5577d2000 ---p 000e7000 00:1c 5254751                    /autofs/cluster/pubsw/2/pubsw/common/matlab/7.9/sys/os/glnxa64/libstdc++.so.6.0.9
2ab5577d2000-2ab5577d9000 r--p 000e6000 00:1c 5254751                    /autofs/cluster/pubsw/2/pubsw/common/matlab/7.9/sys/os/glnxa64/libstdc++.so.6.0.9
2ab5577d9000-2ab5577db000 rw-p 000ed000 00:1c 5254751                    /autofs/cluster/pubsw/2/pubsw/common/matlab/7.9/sys/os/glnxa64/libstdc++.so.6.0.9
2ab5577db000-2ab5577ee000 rw-p 2ab5577db000 00:00 0 
2ab557819000-2ab557826000 r-xp 00000000 00:1c 5254740                    /autofs/cluster/pubsw/2/pubsw/common/matlab/7.9/sys/os/glnxa64/libgcc_s.so.1
2ab557826000-2ab557a25000 ---p 0000d000 00:1c 5254740                    /autofs/cluster/pubsw/2/pubsw/common/matlab/7.9/sys/os/glnxa64/libgcc_s.so.1
2ab557a25000-2ab557a26000 rw-p 0000c000 00:1c 5254740                    /autofs/cluster/pubsw/2/pubsw/common/matlab/7.9/sys/os/glnxa64/libgcc_s.so.1
2ab557a26000-2ab557a28000 rw-p 2ab557a26000 00:00 0 
2ab557a28000-2ab557a49000 r-xp 00000000 00:1c 4226848                    /autofs/cluster/pubsw/2/pubsw/common/matlab/7.9/bin/glnxa64/libexpat.so.1.5.0
2ab557a49000-2ab557c48000 ---p 00021000 00:1c 4226848                    /autofs/cluster/pubsw/2/pubsw/common/matlab/7.9/bin/glnxa64/libexpat.so.1.5.0
2ab557c48000-2ab557c4b000 rw-p 00020000 00:1c 4226848                    /autofs/cluster/pubsw/2/pubsw/common/matlab/7.9/bin/glnxa64/libexpat.so.1.5.0
2ab557c4b000-2ab557c4c000 rw-p 2ab557c4b000 00:00 0 
2ab557c4c000-2ab557c4d000 r-xp 00000000 00:1c 4226859                    /autofs/cluster/pubsw/2/pubsw/common/matlab/7.9/bin/glnxa64/libicudata.so.40.0
2ab557c4d000-2ab557e4c000 ---p 00001000 00:1c 4226859                    /autofs/cluster/pubsw/2/pubsw/common/matlab/7.9/bin/glnxa64/libicudata.so.40.0
2ab557e4c000-2ab557e4d000 rw-p 00000000 00:1c 4226859                    /autofs/cluster/pubsw/2/pubsw/common/matlab/7.9/bin/glnxa64/libicudata.so.40.0
2ab557e4d000-2ab557f81000 r-xp 00000000 00:1c 4226862                    /autofs/cluster/pubsw/2/pubsw/common/matlab/7.9/bin/glnxa64/libicuuc.so.40.0
2ab557f81000-2ab558181000 ---p 00134000 00:1c 4226862                    /autofs/cluster/pubsw/2/pubsw/common/matlab/7.9/bin/glnxa64/libicuuc.so.40.0
2ab558181000-2ab558191000 rw-p 00134000 00:1c 4226862                    /autofs/cluster/pubsw/2/pubsw/common/matlab/7.9/bin/glnxa64/libicuuc.so.40.0
2ab558191000-2ab558194000 rw-p 2ab558191000 00:00 0 
2ab558194000-2ab55830c000 r-xp 00000000 00:1c 4226860                    /autofs/cluster/pubsw/2/pubsw/common/matlab/7.9/bin/glnxa64/libicui18n.so.40.0
2ab55830c000-2ab55850b000 ---p 00178000 00:1c 4226860                    /autofs/cluster/pubsw/2/pubsw/common/matlab/7.9/bin/glnxa64/libicui18n.so.40.0
2ab55850b000-2ab558518000 rw-p 00177000 00:1c 4226860                    /autofs/cluster/pubsw/2/pubsw/common/matlab/7.9/bin/glnxa64/libicui18n.so.40.0
2ab558518000-2ab558523000 r-xp 00000000 00:1c 4226861                    /autofs/cluster/pubsw/2/pubsw/common/matlab/7.9/bin/glnxa64/libicuio.so.40.0
2ab558523000-2ab558722000 ---p 0000b000 00:1c 4226861                    /autofs/cluster/pubsw/2/pubsw/common/matlab/7.9/bin/glnxa64/libicuio.so.40.0
2ab558722000-2ab558724000 rw-p 0000a000 00:1c 4226861                    /autofs/cluster/pubsw/2/pubsw/common/matlab/7.9/bin/glnxa64/libicuio.so.40.0
2ab558724000-2ab558734000 r-xp 00000000 00:1c 4226838                    /autofs/cluster/pubsw/2/pubsw/common/matlab/7.9/bin/glnxa64/libboost_thread-gcc42-mt-1_36.so.1.36.0
2ab558734000-2ab558933000 ---p 00010000 00:1c 4226838                    /autofs/cluster/pubsw/2/pubsw/common/matlab/7.9/bin/glnxa64/libboost_thread-gcc42-mt-1_36.so.1.36.0
2ab558933000-2ab558935000 rw-p 0000f000 00:1c 4226838                    /autofs/cluster/pubsw/2/pubsw/common/matlab/7.9/bin/glnxa64/libboost_thread-gcc42-mt-1_36.so.1.36.0
2ab558935000-2ab558936000 rw-p 2ab558935000 00:00 0 
2ab558936000-2ab55894b000 r-xp 00000000 00:1c 4226836                    /autofs/cluster/pubsw/2/pubsw/common/matlab/7.9/bin/glnxa64/libboost_signals-gcc42-mt-1_36.so.1.36.0
2ab55894b000-2ab558b4a000 ---p 00015000 00:1c 4226836                    /autofs/cluster/pubsw/2/pubsw/common/matlab/7.9/bin/glnxa64/libboost_signals-gcc42-mt-1_36.so.1.36.0
2ab558b4a000-2ab558b4b000 rw-p 00014000 00:1c 4226836                    /autofs/cluster/pubsw/2/pubsw/common/matlab/7.9/bin/glnxa64/libboost_signals-gcc42-mt-1_36.so.1.36.0
2ab558b4b000-2ab558b4e000 r-xp 00000000 00:1c 4226837                    /autofs/cluster/pubsw/2/pubsw/common/matlab/7.9/bin/glnxa64/libboost_system-gcc42-mt-1_36.so.1.36.0
2ab558b4e000-2ab558d4d000 ---p 00003000 00:1c 4226837                    /autofs/cluster/pubsw/2/pubsw/common/matlab/7.9/bin/glnxa64/libboost_system-gcc42-mt-1_36.so.1.36.0
2ab558d4d000-2ab558d4e000 rw-p 00002000 00:1c 4226837                    /autofs/cluster/pubsw/2/pubsw/common/matlab/7.9/bin/glnxa64/libboost_system-gcc42-mt-1_36.so.1.36.0
2ab558d4e000-2ab558d4f000 rw-p 2ab558d4e000 00:00 0 
2ab558d4f000-2ab558d81000 r-xp 00000000 00:1c 4227014                    /autofs/cluster/pubsw/2/pubsw/common/matlab/7.9/bin/glnxa64/libmwmlutil.so
2ab558d81000-2ab558f81000 ---p 00032000 00:1c 4227014                    /autofs/cluster/pubsw/2/pubsw/common/matlab/7.9/bin/glnxa64/libmwmlutil.so
2ab558f81000-2ab558f83000 rw-p 00032000 00:1c 4227014                    /autofs/cluster/pubsw/2/pubsw/common/matlab/7.9/bin/glnxa64/libmwmlutil.so
2ab558f83000-2ab558f84000 rw-p 2ab558f83000 00:00 0 
2ab558f84000-2ab558f9b000 r-xp 00000000 00:1c 4226829                    /autofs/cluster/pubsw/2/pubsw/common/matlab/7.9/bin/glnxa64/libboost_filesystem-gcc42-mt-1_36.so.1.36.0
2ab558f9b000-2ab55919a000 ---p 00017000 00:1c 4226829                    /autofs/cluster/pubsw/2/pubsw/common/matlab/7.9/bin/glnxa64/libboost_filesystem-gcc42-mt-1_36.so.1.36.0
2ab55919a000-2ab55919c000 rw-p 00016000 00:1c 4226829                    /autofs/cluster/pubsw/2/pubsw/common/matlab/7.9/bin/glnxa64/libboost_filesystem-gcc42-mt-1_36.so.1.36.0
2ab55919c000-2ab559203000 r-xp 00000000 00:1c 4227000                    /autofs/cluster/pubsw/2/pubsw/common/matlab/7.9/bin/glnxa64/libmwmathutil.so
2ab559203000-2ab559403000 ---p 00067000 00:1c 4227000                    /autofs/cluster/pubsw/2/pubsw/common/matlab/7.9/bin/glnxa64/libmwmathutil.so
2ab559403000-2ab559404000 rw-p 00067000 00:1c 4227000                    /autofs/cluster/pubsw/2/pubsw/common/matlab/7.9/bin/glnxa64/libmwmathutil.so
2ab559404000-2ab559405000 rw-p 2ab559404000 00:00 0 
2ab559405000-2ab55942e000 r-xp 00000000 00:1c 5281856                    /autofs/cluster/pubsw/2/pubsw/common/matlab/7.9/bin/glnxa64/libtbb.so.2
2ab55942e000-2ab55952d000 ---p 00029000 00:1c 5281856                    /autofs/cluster/pubsw/2/pubsw/common/matlab/7.9/bin/glnxa64/libtbb.so.2
2ab55952d000-2ab559530000 rw-p 00028000 00:1c 5281856                    /autofs/cluster/pubsw/2/pubsw/common/matlab/7.9/bin/glnxa64/libtbb.so.2
2ab559530000-2ab559531000 rw-p 2ab559530000 00:00 0 
2ab559531000-2ab559594000 r-xp 00000000 00:1c 4226960                    /autofs/cluster/pubsw/2/pubsw/common/matlab/7.9/bin/glnxa64/libmwiqm.so
2ab559594000-2ab559793000 ---p 00063000 00:1c 4226960                    /autofs/cluster/pubsw/2/pubsw/common/matlab/7.9/bin/glnxa64/libmwiqm.so
2ab559793000-2ab559798000 rw-p 00062000 00:1c 4226960                    /autofs/cluster/pubsw/2/pubsw/common/matlab/7.9/bin/glnxa64/libmwiqm.so
2ab559798000-2ab5597a6000 r-xp 00000000 00:1c 4226872                    /autofs/cluster/pubsw/2/pubsw/common/matlab/7.9/bin/glnxa64/libmex.so
2ab5597a6000-2ab5599a6000 ---p 0000e000 00:1c 4226872                    /autofs/cluster/pubsw/2/pubsw/common/matlab/7.9/bin/glnxa64/libmex.so
2ab5599a6000-2ab5599a7000 rw-p 0000e000 00:1c 4226872                    /autofs/cluster/pubsw/2/pubsw/common/matlab/7.9/bin/glnxa64/libmex.so
2ab5599a7000-2ab5599a8000 rw-p 2ab5599a7000 00:00 0 
2ab5599a8000-2ab559be3000 r-xp 00000000 00:1c 4226980                    /autofs/cluster/pubsw/2/pubsw/common/matlab/7.9/bin/glnxa64/libmwm_parser.so
2ab559be3000-2ab559de3000 ---p 0023b000 00:1c 4226980                    /autofs/cluster/pubsw/2/pubsw/common/matlab/7.9/bin/glnxa64/libmwm_parser.so
2ab559de3000-2ab55a241000 rw-p 0023b000 00:1c 4226980                    /autofs/cluster/pubsw/2/pubsw/common/matlab/7.9/bin/glnxa64/libmwm_parser.so
2ab55a241000-2ab55a242000 rw-p 2ab55a241000 00:00 0 
2ab55a242000-2ab55a30c000 r-xp 00000000 00:1c 5281800                    /autofs/cluster/pubsw/2/pubsw/common/matlab/7.9/bin/glnxa64/libmwudd.so
2ab55a30c000-2ab55a50b000 ---p 000ca000 00:1c 5281800                    /autofs/cluster/pubsw/2/pubsw/common/matlab/7.9/bin/glnxa64/libmwudd.so
2ab55a50b000-2ab55a521000 rw-p 000c9000 00:1c 5281800                    /autofs/cluster/pubsw/2/pubsw/common/matlab/7.9/bin/glnxa64/libmwudd.so
2ab55a521000-2ab55a525000 rw-p 2ab55a521000 00:00 0 
2ab55a525000-2ab55a596000 r-xp 00000000 00:1c 4227012                    /autofs/cluster/pubsw/2/pubsw/common/matlab/7.9/bin/glnxa64/libmwmlint.so
2ab55a596000-2ab55a795000 ---p 00071000 00:1c 4227012                    /autofs/cluster/pubsw/2/pubsw/common/matlab/7.9/bin/glnxa64/libmwmlint.so
2ab55a795000-2ab55a79c000 rw-p 00070000 00:1c 4227012                    /autofs/cluster/pubsw/2/pubsw/common/matlab/7.9/bin/glnxa64/libmwmlint.so
2ab55a79c000-2ab55a7a3000 r-xp 00000000 00:1c 4227025                    /autofs/cluster/pubsw/2/pubsw/common/matlab/7.9/bin/glnxa64/libmwmtok.so
2ab55a7a3000-2ab55a9a2000 ---p 00007000 00:1c 4227025                    /autofs/cluster/pubsw/2/pubsw/common/matlab/7.9/bin/glnxa64/libmwmtok.so
2ab55a9a2000-2ab55a9a3000 rw-p 00006000 00:1c 4227025                    /autofs/cluster/pubsw/2/pubsw/common/matlab/7.9/bin/glnxa64/libmwmtok.so
2ab55a9a3000-2ab55abd4000 r-xp 00000000 00:1c 4227003                    /autofs/cluster/pubsw/2/pubsw/common/matlab/7.9/bin/glnxa64/libmwmcos.so
2ab55abd4000-2ab55add3000 ---p 00231000 00:1c 4227003                    /autofs/cluster/pubsw/2/pubsw/common/matlab/7.9/bin/glnxa64/libmwmcos.so
2ab55add3000-2ab55adf7000 rw-p 00230000 00:1c 4227003                    /autofs/cluster/pubsw/2/pubsw/common/matlab/7.9/bin/glnxa64/libmwmcos.so
2ab55adf7000-2ab55adf9000 rw-p 2ab55adf7000 00:00 0 
2ab55adf9000-2ab55af00000 r-xp 00000000 00:1c 4226944                    /autofs/cluster/pubsw/2/pubsw/common/matlab/7.9/bin/glnxa64/libmwgui.so
2ab55af00000-2ab55b0ff000 ---p 00107000 00:1c 4226944                    /autofs/cluster/pubsw/2/pubsw/common/matlab/7.9/bin/glnxa64/libmwgui.so
2ab55b0ff000-2ab55b13a000 rw-p 00106000 00:1c 4226944                    /autofs/cluster/pubsw/2/pubsw/common/matlab/7.9/bin/glnxa64/libmwgui.so
2ab55b13a000-2ab55b13b000 rw-p 2ab55b13a000 00:00 0 
2ab55b13b000-2ab55b7c9000 r-xp 00000000 00:1c 4226950                    /autofs/cluster/pubsw/2/pubsw/common/matlab/7.9/bin/glnxa64/libmwhg.so
2ab55b7c9000-2ab55b9c8000 ---p 0068e000 00:1c 4226950                    /autofs/cluster/pubsw/2/pubsw/common/matlab/7.9/bin/glnxa64/libmwhg.so
2ab55b9c8000-2ab55ba52000 rw-p 0068d000 00:1c 4226950                    /autofs/cluster/pubsw/2/pubsw/common/matlab/7.9/bin/glnxa64/libmwhg.so
2ab55ba52000-2ab55ba5c000 rw-p 2ab55ba52000 00:00 0 
2ab55ba5c000-2ab55ba9c000 r-xp 00000000 00:1c 5281858                    /autofs/cluster/pubsw/2/pubsw/common/matlab/7.9/bin/glnxa64/libuij.so
2ab55ba9c000-2ab55bc9c000 ---p 00040000 00:1c 5281858                    /autofs/cluster/pubsw/2/pubsw/common/matlab/7.9/bin/glnxa64/libuij.so
2ab55bc9c000-2ab55bc9e000 rw-p 00040000 00:1c 5281858                    /autofs/cluster/pubsw/2/pubsw/common/matlab/7.9/bin/glnxa64/libuij.so
2ab55bc9e000-2ab55bc9f000 rw-p 2ab55bc9e000 00:00 0 
2ab55bc9f000-2ab55bd33000 r-xp 00000000 00:1c 5281802                    /autofs/cluster/pubsw/2/pubsw/common/matlab/7.9/bin/glnxa64/libmwudd_mi.so
2ab55bd33000-2ab55bf32000 ---p 00094000 00:1c 5281802                    /autofs/cluster/pubsw/2/pubsw/common/matlab/7.9/bin/glnxa64/libmwudd_mi.so
2ab55bf32000-2ab55bf3d000 rw-p 00093000 00:1c 5281802                    /autofs/cluster/pubsw/2/pubsw/common/matlab/7.9/bin/glnxa64/libmwudd_mi.so
2ab55bf3d000-2ab55bf3e000 rw-p 2ab55bf3d000 00:00 0 
2ab55bf3e000-2ab55bf43000 r-xp 00000000 00:1c 5281804                    /autofs/cluster/pubsw/2/pubsw/common/matlab/7.9/bin/glnxa64/libmwuinone.so
2ab55bf43000-2ab55c143000 ---p 00005000 00:1c 5281804                    /autofs/cluster/pubsw/2/pubsw/common/matlab/7.9/bin/glnxa64/libmwuinone.so
2ab55c143000-2ab55c144000 rw-p 00005000 00:1c 5281804                    /autofs/cluster/pubsw/2/pubsw/common/matlab/7.9/bin/glnxa64/libmwuinone.so
2ab55c144000-2ab55c145000 rw-p 2ab55c144000 00:00 0 
2ab55c145000-2ab55c18c000 r-xp 00000000 00:1c 4226978                    /autofs/cluster/pubsw/2/pubsw/common/matlab/7.9/bin/glnxa64/libmwm_ir.so
2ab55c18c000-2ab55c38c000 ---p 00047000 00:1c 4226978                    /autofs/cluster/pubsw/2/pubsw/common/matlab/7.9/bin/glnxa64/libmwm_ir.so
2ab55c38c000-2ab55c394000 rw-p 00047000 00:1c 4226978                    /autofs/cluster/pubsw/2/pubsw/common/matlab/7.9/bin/glnxa64/libmwm_ir.so
2ab55c394000-2ab55c4d4000 r-xp 00000000 00:1c 5281806                    /autofs/cluster/pubsw/2/pubsw/common/matlab/7.9/bin/glnxa64/libmwuix.so
2ab55c4d4000-2ab55c6d4000 ---p 00140000 00:1c 5281806                    /autofs/cluster/pubsw/2/pubsw/common/matlab/7.9/bin/glnxa64/libmwuix.so
2ab55c6d4000-2ab55c6e8000 rw-p 00140000 00:1c 5281806                    /autofs/cluster/pubsw/2/pubsw/common/matlab/7.9/bin/glnxa64/libmwuix.so
2ab55c6e8000-2ab55c6ee000 rw-p 2ab55c6e8000 00:00 0 
2ab55c6ee000-2ab55c767000 r-xp 00000000 00:1c 5281809                    /autofs/cluster/pubsw/2/pubsw/common/matlab/7.9/bin/glnxa64/libmwxmlcore.so
2ab55c767000-2ab55c967000 ---p 00079000 00:1c 5281809                    /autofs/cluster/pubsw/2/pubsw/common/matlab/7.9/bin/glnxa64/libmwxmlcore.so
2ab55c967000-2ab55c96f000 rw-p 00079000 00:1c 5281809                    /autofs/cluster/pubsw/2/pubsw/common/matlab/7.9/bin/glnxa64/libmwxmlcore.so
2ab55c96f000-2ab55c970000 rw-p 2ab55c96f000 00:00 0 
2ab55c970000-2ab55ca33000 r-xp 00000000 00:1c 4226834                    /autofs/cluster/pubsw/2/pubsw/common/matlab/7.9/bin/glnxa64/libboost_regex-gcc42-mt-1_36.so.1.36.0
2ab55ca33000-2ab55cc32000 ---p 000c3000 00:1c 4226834                    /autofs/cluster/pubsw/2/pubsw/common/matlab/7.9/bin/glnxa64/libboost_regex-gcc42-mt-1_36.so.1.36.0
2ab55cc32000-2ab55cc37000 rw-p 000c2000 00:1c 4226834                    /autofs/cluster/pubsw/2/pubsw/common/matlab/7.9/bin/glnxa64/libboost_regex-gcc42-mt-1_36.so.1.36.0
2ab55cc37000-2ab55cc39000 rw-p 2ab55cc37000 00:00 0 
2ab55cc39000-2ab55cfff000 r-xp 00000000 00:1c 5281862                    /autofs/cluster/pubsw/2/pubsw/common/matlab/7.9/bin/glnxa64/libxerces-c.so.27.0
2ab55cfff000-2ab55d1fe000 ---p 003c6000 00:1c 5281862                    /autofs/cluster/pubsw/2/pubsw/common/matlab/7.9/bin/glnxa64/libxerces-c.so.27.0
2ab55d1fe000-2ab55d242000 rw-p 003c5000 00:1c 5281862                    /autofs/cluster/pubsw/2/pubsw/common/matlab/7.9/bin/glnxa64/libxerces-c.so.27.0
2ab55d242000-2ab55d243000 rw-p 2ab55d242000 00:00 0 
2ab55d243000-2ab55d26b000 r-xp 00000000 00:1c 4226870                    /autofs/cluster/pubsw/2/pubsw/common/matlab/7.9/bin/glnxa64/libmat.so
2ab55d26b000-2ab55d46a000 ---p 00028000 00:1c 4226870                    /autofs/cluster/pubsw/2/pubsw/common/matlab/7.9/bin/glnxa64/libmat.so
2ab55d46a000-2ab55d46c000 rw-p 00027000 00:1c 4226870                    /autofs/cluster/pubsw/2/pubsw/common/matlab/7.9/bin/glnxa64/libmat.so
2ab55d46c000-2ab55d4a8000 r-xp 00000000 00:1c 4227032                    /autofs/cluster/pubsw/2/pubsw/common/matlab/7.9/bin/glnxa64/libmwprofiler.so
2ab55d4a8000-2ab55d6a8000 ---p 0003c000 00:1c 4227032                    /autofs/cluster/pubsw/2/pubsw/common/matlab/7.9/bin/glnxa64/libmwprofiler.so
2ab55d6a8000-2ab55d6ab000 rw-p 0003c000 00:1c 4227032                    /autofs/cluster/pubsw/2/pubsw/common/matlab/7.9/bin/glnxa64/libmwprofiler.so
2ab55d6ab000-2ab55d6ac000 rw-p 2ab55d6ab000 00:00 0 
2ab55d6ac000-2ab55d6d3000 r-xp 00000000 00:1c 4226996                    /autofs/cluster/pubsw/2/pubsw/common/matlab/7.9/bin/glnxa64/libmwmathrng.so
2ab55d6d3000-2ab55d8d2000 ---p 00027000 00:1c 4226996                    /autofs/cluster/pubsw/2/pubsw/common/matlab/7.9/bin/glnxa64/libmwmathrng.so
2ab55d8d2000-2ab55d8d4000 rw-p 00026000 00:1c 4226996                    /autofs/cluster/pubsw/2/pubsw/common/matlab/7.9/bin/glnxa64/libmwmathrng.so
2ab55d8d4000-2ab55d8d6000 rw-p 2ab55d8d4000 00:00 0 
2ab55d8d6000-2ab55d8e1000 r-xp 00000000 00:1c 4227010                    /autofs/cluster/pubsw/2/pubsw/common/matlab/7.9/bin/glnxa64/libmwmlib.so
2ab55d8e1000-2ab55dae0000 ---p 0000b000 00:1c 4227010                    /autofs/cluster/pubsw/2/pubsw/common/matlab/7.9/bin/glnxa64/libmwmlib.so
2ab55dae0000-2ab55dae2000 rw-p 0000a000 00:1c 4227010                    /autofs/cluster/pubsw/2/pubsw/common/matlab/7.9/bin/glnxa64/libmwmlib.so
2ab55dae2000-2ab55dae3000 rw-p 2ab55dae2000 00:00 0 
2ab55dae3000-2ab55daf5000 r-xp 00000000 00:1c 4226984                    /autofs/cluster/pubsw/2/pubsw/common/matlab/7.9/bin/glnxa64/libmwm_pcodeio.so
2ab55daf5000-2ab55dcf5000 ---p 00012000 00:1c 4226984                    /autofs/cluster/pubsw/2/pubsw/common/matlab/7.9/bin/glnxa64/libmwm_pcodeio.so
2ab55dcf5000-2ab55dcf6000 rw-p 00012000 00:1c 4226984                    /autofs/cluster/pubsw/2/pubsw/common/matlab/7.9/bin/glnxa64/libmwm_pcodeio.so
2ab55dcf6000-2ab55dd0f000 r-xp 00000000 00:1c 4226982                    /autofs/cluster/pubsw/2/pubsw/common/matlab/7.9/bin/glnxa64/libmwm_pcodegen.so
2ab55dd0f000-2ab55df0e000 ---p 00019000 00:1c 4226982                    /autofs/cluster/pubsw/2/pubsw/common/matlab/7.9/bin/glnxa64/libmwm_pcodegen.so
2ab55df0e000-2ab55df10000 rw-p 00018000 00:1c 4226982                    /autofs/cluster/pubsw/2/pubsw/common/matlab/7.9/bin/glnxa64/libmwm_pcodegen.so
2ab55df10000-2ab55df11000 rw-p 2ab55df10000 00:00 0 
2ab55df11000-2ab55df20000 r-xp 00000000 00:1c 4226964                    /autofs/cluster/pubsw/2/pubsw/common/matlab/7.9/bin/glnxa64/libmwir_xfmr.so
2ab55df20000-2ab55e120000 ---p 0000f000 00:1c 4226964                    /autofs/cluster/pubsw/2/pubsw/common/matlab/7.9/bin/glnxa64/libmwir_xfmr.so
2ab55e120000-2ab55e121000 rw-p 0000f000 00:1c 4226964                    /autofs/cluster/pubsw/2/pubsw/common/matlab/7.9/bin/glnxa64/libmwir_xfmr.so
2ab55e121000-2ab55e122000 rw-p 2ab55e121000 00:00 0 
2ab55e122000-2ab55e14f000 r-xp 00000000 00:1c 4226948                    /autofs/cluster/pubsw/2/pubsw/common/matlab/7.9/bin/glnxa64/libmwhardcopy.so
2ab55e14f000-2ab55e34e000 ---p 0002d000 00:1c 4226948                    /autofs/cluster/pubsw/2/pubsw/common/matlab/7.9/bin/glnxa64/libmwhardcopy.so
2ab55e34e000-2ab55e350000 rw-p 0002c000 00:1c 4226948                    /autofs/cluster/pubsw/2/pubsw/common/matlab/7.9/bin/glnxa64/libmwhardcopy.so
2ab55e350000-2ab55e351000 rw-p 2ab55e350000 00:00 0 
2ab55e351000-2ab55e428000 r-xp 00000000 00:1c 4226994                    /autofs/cluster/pubsw/2/pubsw/common/matlab/7.9/bin/glnxa64/libmwmathlinalg.so
2ab55e428000-2ab55e628000 ---p 000d7000 00:1c 4226994                    /autofs/cluster/pubsw/2/pubsw/common/matlab/7.9/bin/glnxa64/libmwmathlinalg.so
2ab55e628000-2ab55e62a000 rw-p 000d7000 00:1c 4226994                    /autofs/cluster/pubsw/2/pubsw/common/matlab/7.9/bin/glnxa64/libmwmathlinalg.so
2ab55e62a000-2ab55e62b000 rw-p 2ab55e62a000 00:00 0 
2ab55e62b000-2ab55e7a1000 r-xp 00000000 00:1c 4226954                    /autofs/cluster/pubsw/2/pubsw/common/matlab/7.9/bin/glnxa64/libmwhgdatatypes.so
2ab55e7a1000-2ab55e9a0000 ---p 00176000 00:1c 4226954                    /autofs/cluster/pubsw/2/pubsw/common/matlab/7.9/bin/glnxa64/libmwhgdatatypes.so
2ab55e9a0000-2ab55e9b6000 rw-p 00175000 00:1c 4226954                    /autofs/cluster/pubsw/2/pubsw/common/matlab/7.9/bin/glnxa64/libmwhgdatatypes.so
2ab55e9b6000-2ab55e9b7000 rw-p 2ab55e9b6000 00:00 0 
2ab55e9b7000-2ab55e9eb000 r-xp 00000000 00:1c 4226956                    /autofs/cluster/pubsw/2/pubsw/common/matlab/7.9/bin/glnxa64/libmwhgutils.so
2ab55e9eb000-2ab55ebea000 ---p 00034000 00:1c 4226956                    /autofs/cluster/pubsw/2/pubsw/common/matlab/7.9/bin/glnxa64/libmwhgutils.so
2ab55ebea000-2ab55ebed000 rw-p 00033000 00:1c 4226956                    /autofs/cluster/pubsw/2/pubsw/common/matlab/7.9/bin/glnxa64/libmwhgutils.so
2ab55ebed000-2ab55ebee000 rw-p 2ab55ebed000 00:00 0 
2ab55ebee000-2ab55ec8c000 r-xp 00000000 00:1c 4226968                    /autofs/cluster/pubsw/2/pubsw/common/matlab/7.9/bin/glnxa64/libmwlapack.so
2ab55ec8c000-2ab55ee8b000 ---p 0009e000 00:1c 4226968                    /autofs/cluster/pubsw/2/pubsw/common/matlab/7.9/bin/glnxa64/libmwlapack.so
2ab55ee8b000-2ab55ee94000 rw-p 0009d000 00:1c 4226968                    /autofs/cluster/pubsw/2/pubsw/common/matlab/7.9/bin/glnxa64/libmwlapack.so
2ab55ee94000-2ab55f107000 r-xp 00000000 00:1c 5254739                    /autofs/cluster/pubsw/2/pubsw/common/matlab/7.9/sys/os/glnxa64/libXm.so.3.0.2
2ab55f107000-2ab55f307000 ---p 00273000 00:1c 5254739                    /autofs/cluster/pubsw/2/pubsw/common/matlab/7.9/sys/os/glnxa64/libXm.so.3.0.2
2ab55f307000-2ab55f331000 rw-p 00273000 00:1c 5254739                    /autofs/cluster/pubsw/2/pubsw/common/matlab/7.9/sys/os/glnxa64/libXm.so.3.0.2
2ab55f331000-2ab55f334000 rw-p 2ab55f331000 00:00 0 
2ab55f334000-2ab55f34f000 r-xp 00000000 00:1c 4226858                    /autofs/cluster/pubsw/2/pubsw/common/matlab/7.9/bin/glnxa64/libhdf5_hl.so.0.0.0
2ab55f34f000-2ab55f54f000 ---p 0001b000 00:1c 4226858                    /autofs/cluster/pubsw/2/pubsw/common/matlab/7.9/bin/glnxa64/libhdf5_hl.so.0.0.0
2ab55f54f000-2ab55f550000 rw-p 0001b000 00:1c 4226858                    /autofs/cluster/pubsw/2/pubsw/common/matlab/7.9/bin/glnxa64/libhdf5_hl.so.0.0.0
2ab55f550000-2ab55f562000 rw-p 2ab55f550000 00:00 0 
2ab55f562000-2ab55f7e5000 r-xp 00000000 00:1c 4226857                    /autofs/cluster/pubsw/2/pubsw/common/matlab/7.9/bin/glnxa64/libhdf5.so.5.0.1
2ab55f7e5000-2ab55f9e4000 ---p 00283000 00:1c 4226857                    /autofs/cluster/pubsw/2/pubsw/common/matlab/7.9/bin/glnxa64/libhdf5.so.5.0.1
2ab55f9e4000-2ab55f9ee000 rw-p 00282000 00:1c 4226857                    /autofs/cluster/pubsw/2/pubsw/common/matlab/7.9/bin/glnxa64/libhdf5.so.5.0.1
2ab55f9ee000-2ab55f9ef000 rw-p 2ab55f9ee000 00:00 0 
2ab55f9ef000-2ab55fe00000 r-xp 00000000 00:1c 4226992                    /autofs/cluster/pubsw/2/pubsw/common/matlab/7.9/bin/glnxa64/libmwmathelem.so
2ab55fe00000-2ab560000000 ---p 00411000 00:1c 4226992                    /autofs/cluster/pubsw/2/pubsw/common/matlab/7.9/bin/glnxa64/libmwmathelem.so
2ab560000000-2ab560008000 rw-p 00411000 00:1c 4226992                    /autofs/cluster/pubsw/2/pubsw/common/matlab/7.9/bin/glnxa64/libmwmathelem.so
2ab560008000-2ab56000a000 rw-p 2ab560008000 00:00 0 
2ab56000a000-2ab560097000 r-xp 00000000 00:1c 4226988                    /autofs/cluster/pubsw/2/pubsw/common/matlab/7.9/bin/glnxa64/libmwmathcore.so
2ab560097000-2ab560296000 ---p 0008d000 00:1c 4226988                    /autofs/cluster/pubsw/2/pubsw/common/matlab/7.9/bin/glnxa64/libmwmathcore.so
2ab560296000-2ab56029a000 rw-p 0008c000 00:1c 4226988                    /autofs/cluster/pubsw/2/pubsw/common/matlab/7.9/bin/glnxa64/libmwmathcore.so
2ab56029a000-2ab5602ae000 r-xp 00000000 00:1c 4226883                    /autofs/cluster/pubsw/2/pubsw/common/matlab/7.9/bin/glnxa64/libmwblas.so
2ab5602ae000-2ab5604ad000 ---p 00014000 00:1c 4226883                    /autofs/cluster/pubsw/2/pubsw/common/matlab/7.9/bin/glnxa64/libmwblas.so
2ab5604ad000-2ab5604af000 rw-p 00013000 00:1c 4226883                    /autofs/cluster/pubsw/2/pubsw/common/matlab/7.9/bin/glnxa64/libmwblas.so
2ab5604af000-2ab5604b0000 rw-p 2ab5604af000 00:00 0 
2ab5604b0000-2ab5604b8000 r-xp 00000000 00:1c 4226878                    /autofs/cluster/pubsw/2/pubsw/common/matlab/7.9/bin/glnxa64/libmwamd.so
2ab5604b8000-2ab5606b7000 ---p 00008000 00:1c 4226878                    /autofs/cluster/pubsw/2/pubsw/common/matlab/7.9/bin/glnxa64/libmwamd.so
2ab5606b7000-2ab5606b8000 rw-p 00007000 00:1c 4226878                    /autofs/cluster/pubsw/2/pubsw/common/matlab/7.9/bin/glnxa64/libmwamd.so
2ab5606b8000-2ab5606f9000 r-xp 00000000 00:1c 4226898                    /autofs/cluster/pubsw/2/pubsw/common/matlab/7.9/bin/glnxa64/libmwcholmod.so
2ab5606f9000-2ab5608f8000 ---p 00041000 00:1c 4226898                    /autofs/cluster/pubsw/2/pubsw/common/matlab/7.9/bin/glnxa64/libmwcholmod.so
2ab5608f8000-2ab5608f9000 rw-p 00040000 00:1c 4226898                    /autofs/cluster/pubsw/2/pubsw/common/matlab/7.9/bin/glnxa64/libmwcholmod.so
2ab5608f9000-2ab5608fa000 rw-p 2ab5608f9000 00:00 0 
2ab5608fa000-2ab560900000 r-xp 00000000 00:1c 4226901                    /autofs/cluster/pubsw/2/pubsw/common/matlab/7.9/bin/glnxa64/libmwcolamd.so
2ab560900000-2ab560aff000 ---p 00006000 00:1c 4226901                    /autofs/cluster/pubsw/2/pubsw/common/matlab/7.9/bin/glnxa64/libmwcolamd.so
2ab560aff000-2ab560b00000 rw-p 00005000 00:1c 4226901                    /autofs/cluster/pubsw/2/pubsw/common/matlab/7.9/bin/glnxa64/libmwcolamd.so
2ab560b00000-2ab560b0a000 r-xp 00000000 00:1c 4226903                    /autofs/cluster/pubsw/2/pubsw/common/matlab/7.9/bin/glnxa64/libmwcsparse.so
2ab560b0a000-2ab560d0a000 ---p 0000a000 00:1c 4226903                    /autofs/cluster/pubsw/2/pubsw/common/matlab/7.9/bin/glnxa64/libmwcsparse.so
2ab560d0a000-2ab560d0b000 rw-p 0000a000 00:1c 4226903                    /autofs/cluster/pubsw/2/pubsw/common/matlab/7.9/bin/glnxa64/libmwcsparse.so
2ab560d0b000-2ab560d0c000 rw-p 2ab560d0b000 00:00 0 
2ab560d0c000-2ab560d33000 r-xp 00000000 00:1c 4226986                    /autofs/cluster/pubsw/2/pubsw/common/matlab/7.9/bin/glnxa64/libmwma57.so
2ab560d33000-2ab560f32000 ---p 00027000 00:1c 4226986                    /autofs/cluster/pubsw/2/pubsw/common/matlab/7.9/bin/glnxa64/libmwma57.so
2ab560f32000-2ab560f33000 rw-p 00026000 00:1c 4226986                    /autofs/cluster/pubsw/2/pubsw/common/matlab/7.9/bin/glnxa64/libmwma57.so
2ab560f33000-2ab560f65000 r-xp 00000000 00:1c 4227035                    /autofs/cluster/pubsw/2/pubsw/common/matlab/7.9/bin/glnxa64/libmwrookfastbp.so
2ab560f65000-2ab561164000 ---p 00032000 00:1c 4227035                    /autofs/cluster/pubsw/2/pubsw/common/matlab/7.9/bin/glnxa64/libmwrookfastbp.so
2ab561164000-2ab561165000 rw-p 00031000 00:1c 4227035                    /autofs/cluster/pubsw/2/pubsw/common/matlab/7.9/bin/glnxa64/libmwrookfastbp.so
2ab561165000-2ab561166000 rw-p 2ab561165000 00:00 0 
2ab561166000-2ab561187000 r-xp 00000000 00:1c 4227069                    /autofs/cluster/pubsw/2/pubsw/common/matlab/7.9/bin/glnxa64/libmwspqr.so
2ab561187000-2ab561386000 ---p 00021000 00:1c 4227069                    /autofs/cluster/pubsw/2/pubsw/common/matlab/7.9/bin/glnxa64/libmwspqr.so
2ab561386000-2ab561387000 rw-p 00020000 00:1c 4227069                    /autofs/cluster/pubsw/2/pubsw/common/matlab/7.9/bin/glnxa64/libmwspqr.so
2ab561387000-2ab5613db000 r-xp 00000000 00:1c 5281808                    /autofs/cluster/pubsw/2/pubsw/common/matlab/7.9/bin/glnxa64/libmwumfpack.so
2ab5613db000-2ab5615da000 ---p 00054000 00:1c 5281808                    /autofs/cluster/pubsw/2/pubsw/common/matlab/7.9/bin/glnxa64/libmwumfpack.so
2ab5615da000-2ab5615db000 rw-p 00053000 00:1c 5281808                    /autofs/cluster/pubsw/2/pubsw/common/matlab/7.9/bin/glnxa64/libmwumfpack.so
2ab5615db000-2ab5615dc000 rw-p 2ab5615db000 00:00 0 
2ab5615dc000-2ab5615e4000 r-xp 00000000 00:1c 4226880                    /autofs/cluster/pubsw/2/pubsw/common/matlab/7.9/bin/glnxa64/libmwbinder.so
2ab5615e4000-2ab5617e3000 ---p 00008000 00:1c 4226880                    /autofs/cluster/pubsw/2/pubsw/common/matlab/7.9/bin/glnxa64/libmwbinder.so
2ab5617e3000-2ab5617e4000 rw-p 00007000 00:1c 4226880                    /autofs/cluster/pubsw/2/pubsw/common/matlab/7.9/bin/glnxa64/libmwbinder.so
2ab5617e4000-2ab5617e5000 rw-p 2ab5617e4000 00:00 0 
2ab5617e5000-2ab5617ed000 r-xp 00000000 08:02 3498350                    /usr/lib64/libXp.so.6.2.0
2ab5617ed000-2ab5619ec000 ---p 00008000 08:02 3498350                    /usr/lib64/libXp.so.6.2.0
2ab5619ec000-2ab5619ed000 rw-p 00007000 08:02 3498350                    /usr/lib64/libXp.so.6.2.0
2ab5619ed000-2ab5619ef000 rw-p 2ab5619ed000 00:00 0 
2ab5619ef000-2ab561aa7000 r-xp 00000000 00:1c 5254741                    /autofs/cluster/pubsw/2/pubsw/common/matlab/7.9/sys/os/glnxa64/libgfortran.so.2.0.0
2ab561aa7000-2ab561ca7000 ---p 000b8000 00:1c 5254741                    /autofs/cluster/pubsw/2/pubsw/common/matlab/7.9/sys/os/glnxa64/libgfortran.so.2.0.0
2ab561ca7000-2ab561ca9000 rw-p 000b8000 00:1c 5254741                    /autofs/cluster/pubsw/2/pubsw/common/matlab/7.9/sys/os/glnxa64/libgfortran.so.2.0.0
2ab561ca9000-2ab561caf000 rw-p 2ab561ca9000 00:00 0 
2ab561caf000-2ab5629f3000 r--s 00000000 00:1c 4226813                    /autofs/cluster/pubsw/2/pubsw/common/matlab/7.9/bin/glnxa64/icudt40l.dat
2ab5629f3000-2ab565fc4000 r--p 00000000 08:02 1237906                    /usr/lib/locale/locale-archive
2ab565fc4000-2ab565fcb000 r--s 00000000 08:02 3552033                    /usr/lib64/gconv/gconv-modules.cache
2ab565fcb000-2ab566dd2000 r-xp 00000000 00:1c 5281868                    /autofs/cluster/pubsw/2/pubsw/common/matlab/7.9/bin/glnxa64/mkl.so
2ab566dd2000-2ab566fd1000 ---p 00e07000 00:1c 5281868                    /autofs/cluster/pubsw/2/pubsw/common/matlab/7.9/bin/glnxa64/mkl.so
2ab566fd1000-2ab566fe6000 rw-p 00e06000 00:1c 5281868                    /autofs/cluster/pubsw/2/pubsw/common/matlab/7.9/bin/glnxa64/mkl.so
2ab566fe6000-2ab566ffc000 rw-p 2ab566fe6000 00:00 0 
2ab566ffc000-2ab567068000 r-xp 00000000 00:1c 4226865                    /autofs/cluster/pubsw/2/pubsw/common/matlab/7.9/bin/glnxa64/libiomp5.so
2ab567068000-2ab567168000 ---p 0006c000 00:1c 4226865                    /autofs/cluster/pubsw/2/pubsw/common/matlab/7.9/bin/glnxa64/libiomp5.so
2ab567168000-2ab56716d000 rw-p 0006c000 00:1c 4226865                    /autofs/cluster/pubsw/2/pubsw/common/matlab/7.9/bin/glnxa64/libiomp5.so
2ab56716d000-2ab567174000 rw-p 2ab56716d000 00:00 0 
2ab567174000-2ab567177000 r-xp 00000000 00:1c 5281869                    /autofs/cluster/pubsw/2/pubsw/common/matlab/7.9/bin/glnxa64/mklcompat.so
2ab567177000-2ab567376000 ---p 00003000 00:1c 5281869                    /autofs/cluster/pubsw/2/pubsw/common/matlab/7.9/bin/glnxa64/mklcompat.so
2ab567376000-2ab567377000 rw-p 00002000 00:1c 5281869                    /autofs/cluster/pubsw/2/pubsw/common/matlab/7.9/bin/glnxa64/mklcompat.so
7fffa5615000-7fffa5629000 rwxp 7ffffffe8000 00:00 0                      [stack]
7fffa5629000-7fffa562b000 rw-p 7fffffffd000 00:00 0 
7fffa5726000-7fffa572a000 r-xp 7fffa5726000 00:00 0                      [vdso]
ffffffffff600000-ffffffffffe00000 ---p 00000000 00:00 0                  [vsyscall]

VM Arguments:
jvm_args: -Xms64m -XX:NewRatio=3 -XX:MaxPermSize=128m -Xmx196m -XX:MaxDirectMemorySize=2147400000 -Djava.util.prefs.PreferencesFactory=com.mathworks.util.DisabledPreferencesFactory -XX:+AllowUserSignalHandlers -Xrs -Djava.library.path=/autofs/cluster/pubsw/2/pubsw/common/matlab/7.9/bin/glnxa64 vfprintf abort -Djava.awt.headless=true -Xrs -Dfile.encoding=UTF-8 
java_command: <unknown>
Launcher Type: generic

Environment Variables:
PATH=/usr/pubsw/packages/mne/stable/bin:/space/orsay/8/megdev/megsw-neuromag/bin/util:/space/orsay/8/megdev/megsw-neuromag/bin/X11:/homes/6/santosh/bin:/usr/pubsw/bin:/usr/lib64/qt-3.3/bin:/usr/kerberos/bin:/usr/java/current/bin:/usr/local/bin:/bin:/usr/bin:/usr/X11R6/bin:/usr/NX/bin:/usr/bin/X11
LD_LIBRARY_PATH=/autofs/cluster/pubsw/2/pubsw/common/matlab/7.9/sys/os/glnxa64:/autofs/cluster/pubsw/2/pubsw/common/matlab/7.9/bin/glnxa64:/autofs/cluster/pubsw/2/pubsw/common/matlab/7.9/extern/lib/glnxa64:/autofs/cluster/pubsw/2/pubsw/common/matlab/7.9/runtime/glnxa64:/autofs/cluster/pubsw/2/pubsw/common/matlab/7.9/sys/java/jre/glnxa64/jre/lib/amd64/native_threads:/autofs/cluster/pubsw/2/pubsw/common/matlab/7.9/sys/java/jre/glnxa64/jre/lib/amd64/server:/autofs/cluster/pubsw/2/pubsw/common/matlab/7.9/sys/java/jre/glnxa64/jre/lib/amd64:/autofs/cluster/pubsw/2/pubsw/common/matlab/7.9/sys/os/glnxa64:/autofs/cluster/pubsw/2/pubsw/common/matlab/7.9/bin/glnxa64:/autofs/cluster/pubsw/2/pubsw/common/matlab/7.9/extern/lib/glnxa64:/autofs/cluster/pubsw/2/pubsw/common/matlab/7.9/runtime/glnxa64:/autofs/cluster/pubsw/2/pubsw/common/matlab/7.9/sys/java/jre/glnxa64/jre/lib/amd64/native_threads:/autofs/cluster/pubsw/2/pubsw/common/matlab/7.9/sys/java/jre/glnxa64/jre/lib/amd64/server:/autofs/cluster/pubsw/2/pubsw/common/matlab/7.9/sys/java/jre/glnxa64/jre/lib/amd64:/usr/pubsw/packages/mne/stable/lib:/usr/pubsw/packages/mne/stable/lib
SHELL=/usr/local/bin/tcsh
DISPLAY=localhost:16.0
HOSTTYPE=x86_64-linux
OSTYPE=linux
ARCH=glnxa64
MACHTYPE=x86_64

Signal Handlers:
SIGSEGV: [libjvm.so+0x5fcd20], sa_mask[0]=0x7ffbfeff, sa_flags=0x10000004
SIGBUS: [libjvm.so+0x5fcd20], sa_mask[0]=0x7ffbfeff, sa_flags=0x10000004
SIGFPE: [libjvm.so+0x4e0eb0], sa_mask[0]=0x7ffbfeff, sa_flags=0x10000004
SIGPIPE: [libjvm.so+0x4e0eb0], sa_mask[0]=0x7ffbfeff, sa_flags=0x10000004
SIGXFSZ: [libjvm.so+0x4e0eb0], sa_mask[0]=0x7ffbfeff, sa_flags=0x10000004
SIGILL: [libjvm.so+0x4e0eb0], sa_mask[0]=0x7ffbfeff, sa_flags=0x10000004
SIGUSR1: SIG_DFL, sa_mask[0]=0x00000000, sa_flags=0x00000000
SIGUSR2: [libjvm.so+0x4e35d0], sa_mask[0]=0x08080002, sa_flags=0x10000004
SIGHUP: SIG_DFL, sa_mask[0]=0x00000000, sa_flags=0x00000000
SIGINT: SIG_DFL, sa_mask[0]=0x00000000, sa_flags=0x00000000
SIGTERM: SIG_DFL, sa_mask[0]=0x00000000, sa_flags=0x00000000
SIGQUIT: [libmwmcr.so+0x52340], sa_mask[0]=0x08080002, sa_flags=0x00000004


---------------  S Y S T E M  ---------------

OS:CentOS release 5.6 (Final)

uname:Linux 2.6.18-238.9.1.el5 #1 SMP Tue Apr 12 18:10:13 EDT 2011 x86_64
libc:glibc 2.5 NPTL 2.5 
rlimit: STACK infinity, CORE 0k, NPROC 2113536, NOFILE 1024, AS infinity
load average:6.03 1.93 0.71

CPU:total 64 (16 cores per cpu, 2 threads per core) family 6 model 14 stepping 6, cmov, cx8, fxsr, mmx, sse, sse2, sse3, ssse3, ht

Memory: 4k page, physical 264256884k(31511304k free), swap 125009788k(124247408k free)

vm_info: Java HotSpot(TM) 64-Bit Server VM (11.2-b01) for linux-amd64 JRE (1.6.0_12-b04), built on Jan 17 2009 01:04:06 by "java_re" with gcc 3.2.2 (SuSE Linux)

time: Thu Dec 15 16:18:52 2011
elapsed time: 0 seconds

